<?xml version="1.0" encoding="UTF-8" ?>
<testsuite errors="0" failures="0" hostname="LAPTOP-4M3JISRM" name="pkgcustomtree.CustomTreeTest" skipped="0" tests="9" time="0.11" timestamp="2020-03-09T03:02:25">
  <properties>
    <property name="libs.spring-framework300.classpath" value="C:\Program Files\NetBeans-11.2\netbeans\ide\modules\org-apache-commons-logging.jar;C:\Program Files\NetBeans-11.2\netbeans\java\modules\ext\cglib-2.2.jar;C:\Program Files\NetBeans-11.2\netbeans\java\modules\ext\spring-3.0\spring-aop-3.2.7.RELEASE.jar;C:\Program Files\NetBeans-11.2\netbeans\java\modules\ext\spring-3.0\spring-aspects-3.2.7.RELEASE.jar;C:\Program Files\NetBeans-11.2\netbeans\java\modules\ext\spring-3.0\spring-beans-3.2.7.RELEASE.jar;C:\Program Files\NetBeans-11.2\netbeans\java\modules\ext\spring-3.0\spring-build-src-3.2.7.RELEASE.jar;C:\Program Files\NetBeans-11.2\netbeans\java\modules\ext\spring-3.0\spring-context-3.2.7.RELEASE.jar;C:\Program Files\NetBeans-11.2\netbeans\java\modules\ext\spring-3.0\spring-context-support-3.2.7.RELEASE.jar;C:\Program Files\NetBeans-11.2\netbeans\java\modules\ext\spring-3.0\spring-core-3.2.7.RELEASE.jar;C:\Program Files\NetBeans-11.2\netbeans\java\modules\ext\spring-3.0\spring-expression-3.2.7.RELEASE.jar;C:\Program Files\NetBeans-11.2\netbeans\java\modules\ext\spring-3.0\spring-framework-bom-3.2.7.RELEASE.jar;C:\Program Files\NetBeans-11.2\netbeans\java\modules\ext\spring-3.0\spring-instrument-3.2.7.RELEASE.jar;C:\Program Files\NetBeans-11.2\netbeans\java\modules\ext\spring-3.0\spring-instrument-tomcat-3.2.7.RELEASE.jar;C:\Program Files\NetBeans-11.2\netbeans\java\modules\ext\spring-3.0\spring-jdbc-3.2.7.RELEASE.jar;C:\Program Files\NetBeans-11.2\netbeans\java\modules\ext\spring-3.0\spring-jms-3.2.7.RELEASE.jar;C:\Program Files\NetBeans-11.2\netbeans\java\modules\ext\spring-3.0\spring-orm-3.2.7.RELEASE.jar;C:\Program Files\NetBeans-11.2\netbeans\java\modules\ext\spring-3.0\spring-oxm-3.2.7.RELEASE.jar;C:\Program Files\NetBeans-11.2\netbeans\java\modules\ext\spring-3.0\spring-struts-3.2.7.RELEASE.jar;C:\Program Files\NetBeans-11.2\netbeans\java\modules\ext\spring-3.0\spring-test-3.2.7.RELEASE.jar;C:\Program Files\NetBeans-11.2\netbeans\java\modules\ext\spring-3.0\spring-tx-3.2.7.RELEASE.jar;C:\Program Files\NetBeans-11.2\netbeans\java\modules\ext\spring-3.0\spring-web-3.2.7.RELEASE.jar;C:\Program Files\NetBeans-11.2\netbeans\java\modules\ext\spring-3.0\spring-webmvc-3.2.7.RELEASE.jar;C:\Program Files\NetBeans-11.2\netbeans\java\modules\ext\spring-3.0\spring-webmvc-portlet-3.2.7.RELEASE.jar" />
    <property name="javac.test.classpath" value=":build/classes:C:\Program Files\NetBeans-11.2\netbeans\platform\modules\ext\hamcrest-core-1.3.jar:C:\Program Files\NetBeans-11.2\netbeans\platform\modules\ext\junit-4.12.jar" />
    <property name="java.specification.version" value="11" />
    <property name="sun.cpu.isalist" value="amd64" />
    <property name="jar.index.metainf" value="false" />
    <property name="javadoc.preview" value="true" />
    <property name="do.depend" value="false" />
    <property name="libs.spring-framework400.classpath" value="C:\Program Files\NetBeans-11.2\netbeans\ide\modules\org-apache-commons-logging.jar;C:\Program Files\NetBeans-11.2\netbeans\java\modules\ext\cglib-2.2.jar;C:\Program Files\NetBeans-11.2\netbeans\java\modules\ext\spring-4\spring-aop-4.0.1.RELEASE.jar;C:\Program Files\NetBeans-11.2\netbeans\java\modules\ext\spring-4\spring-aspects-4.0.1.RELEASE.jar;C:\Program Files\NetBeans-11.2\netbeans\java\modules\ext\spring-4\spring-beans-4.0.1.RELEASE.jar;C:\Program Files\NetBeans-11.2\netbeans\java\modules\ext\spring-4\spring-build-src-4.0.1.RELEASE.jar;C:\Program Files\NetBeans-11.2\netbeans\java\modules\ext\spring-4\spring-context-4.0.1.RELEASE.jar;C:\Program Files\NetBeans-11.2\netbeans\java\modules\ext\spring-4\spring-context-support-4.0.1.RELEASE.jar;C:\Program Files\NetBeans-11.2\netbeans\java\modules\ext\spring-4\spring-core-4.0.1.RELEASE.jar;C:\Program Files\NetBeans-11.2\netbeans\java\modules\ext\spring-4\spring-expression-4.0.1.RELEASE.jar;C:\Program Files\NetBeans-11.2\netbeans\java\modules\ext\spring-4\spring-framework-bom-4.0.1.RELEASE.jar;C:\Program Files\NetBeans-11.2\netbeans\java\modules\ext\spring-4\spring-instrument-4.0.1.RELEASE.jar;C:\Program Files\NetBeans-11.2\netbeans\java\modules\ext\spring-4\spring-instrument-tomcat-4.0.1.RELEASE.jar;C:\Program Files\NetBeans-11.2\netbeans\java\modules\ext\spring-4\spring-jdbc-4.0.1.RELEASE.jar;C:\Program Files\NetBeans-11.2\netbeans\java\modules\ext\spring-4\spring-jms-4.0.1.RELEASE.jar;C:\Program Files\NetBeans-11.2\netbeans\java\modules\ext\spring-4\spring-messaging-4.0.1.RELEASE.jar;C:\Program Files\NetBeans-11.2\netbeans\java\modules\ext\spring-4\spring-orm-4.0.1.RELEASE.jar;C:\Program Files\NetBeans-11.2\netbeans\java\modules\ext\spring-4\spring-oxm-4.0.1.RELEASE.jar;C:\Program Files\NetBeans-11.2\netbeans\java\modules\ext\spring-4\spring-test-4.0.1.RELEASE.jar;C:\Program Files\NetBeans-11.2\netbeans\java\modules\ext\spring-4\spring-tx-4.0.1.RELEASE.jar;C:\Program Files\NetBeans-11.2\netbeans\java\modules\ext\spring-4\spring-web-4.0.1.RELEASE.jar;C:\Program Files\NetBeans-11.2\netbeans\java\modules\ext\spring-4\spring-webmvc-4.0.1.RELEASE.jar;C:\Program Files\NetBeans-11.2\netbeans\java\modules\ext\spring-4\spring-webmvc-portlet-4.0.1.RELEASE.jar;C:\Program Files\NetBeans-11.2\netbeans\java\modules\ext\spring-4\spring-websocket-4.0.1.RELEASE.jar" />
    <property name="sun.arch.data.model" value="64" />
    <property name="test.binaryincludes" value="&lt;nothing&gt;" />
    <property name="nb.show.statistics.ui" value="usageStatisticsEnabled" />
    <property name="debug-transport" value="dt_shmem" />
    <property name="java.vendor.url" value="http://java.oracle.com/" />
    <property name="annotation.processing.enabled" value="true" />
    <property name="libs.junit_5.src" value="C:\Program Files\NetBeans-11.2\netbeans\platform\docs\junit-jupiter-api-5.3.1-sources.jar;C:\Program Files\NetBeans-11.2\netbeans\platform\docs\junit-jupiter-params-5.3.1-sources.jar;C:\Program Files\NetBeans-11.2\netbeans\platform\docs\junit-jupiter-engine-5.3.1-sources.jar" />
    <property name="libs.jaxb.classpath" value="C:\Program Files\NetBeans-11.2\netbeans\ide\modules\ext\jaxb\jaxb-impl-2.2.5-2.jar;C:\Program Files\NetBeans-11.2\netbeans\ide\modules\ext\jaxb\jaxb-xjc-2.2.5-2.jar;C:\Program Files\NetBeans-11.2\netbeans\ide\modules\ext\jaxb\jaxb1-impl-2.2.5-2.jar;C:\Program Files\NetBeans-11.2\netbeans\ide\modules\ext\jaxb\activation.jar;C:\Program Files\NetBeans-11.2\netbeans\ide\modules\ext\jaxb\api\jaxb-api.jar" />
    <property name="debug.modulepath" value="" />
    <property name="libs.eclipselink.javadoc" value="" />
    <property name="libs.JWSAntTasks.javadoc" value="" />
    <property name="sun.boot.library.path" value="C:\Program Files\Java\jdk-11.0.6\bin" />
    <property name="libs.CopyLibs.src" value="" />
    <property name="sun.java.command" value="org.apache.tools.ant.taskdefs.optional.junit.JUnitTestRunner pkgcustomtree.CustomTreeTest skipNonTests=false filtertrace=true haltOnError=false haltOnFailure=false showoutput=true outputtoformatters=true logfailedtests=true threadid=0 logtestlistenerevents=true formatter=org.apache.tools.ant.taskdefs.optional.junit.BriefJUnitResultFormatter formatter=org.apache.tools.ant.taskdefs.optional.junit.XMLJUnitResultFormatter,C:\heok\School\Projects_for_resume\Projects\Java&amp;DataStructure\TreeAgain\build\test\results\TEST-pkgcustomtree.CustomTreeTest.xml crashfile=C:\heok\School\Projects_for_resume\Projects\Java&amp;DataStructure\TreeAgain\build\junitvmwatcher725839731212070779.properties propsfile=C:\heok\School\Projects_for_resume\Projects\Java&amp;DataStructure\TreeAgain\build\junit15608513570454957938.properties" />
    <property name="jdk.debug" value="release" />
    <property name="libs.spring-framework300.src" value="" />
    <property name="javac.source" value="11" />
    <property name="java.specification.vendor" value="Oracle Corporation" />
    <property name="javadoc.use" value="true" />
    <property name="libs.javac-api.maven-pom" value="" />
    <property name="javadoc.notree" value="false" />
    <property name="java.version.date" value="2020-01-14" />
    <property name="java.home" value="C:\Program Files\Java\jdk-11.0.6" />
    <property name="basedir" value="C:\heok\School\Projects_for_resume\Projects\Java&amp;DataStructure\TreeAgain" />
    <property name="work.dir" value="C:\heok\School\Projects_for_resume\Projects\Java&amp;DataStructure\TreeAgain" />
    <property name="java.specification.name" value="Java Platform API Specification" />
    <property name="jna.boot.library.name" value="jnidispatch-nb" />
    <property name="javac.test.compilerargs" value="" />
    <property name="java.vm.specification.vendor" value="Oracle Corporation" />
    <property name="libs.PostgreSQLDriver.classpath" value="C:\Program Files\NetBeans-11.2\netbeans\ide\modules\ext\postgresql-42.2.5.jar" />
    <property name="libs.javac-api.javadoc" value="" />
    <property name="libs.JAXB-ENDORSED.src" value="" />
    <property name="netbeans.extbrowser.manual_chrome_plugin_install" value="yes" />
    <property name="user.script" value="" />
    <property name="manifest.encoding" value="UTF-8" />
    <property name="netbeans.default_userdir_root" value="C:\Users\heokc\AppData\Roaming\NetBeans" />
    <property name="sun.management.compiler" value="HotSpot 64-Bit Tiered Compilers" />
    <property name="libs.spring-framework400.src" value="" />
    <property name="run.test.modulepath" value="" />
    <property name="jdk.home" value="C:\Program Files\Java\jdk-11.0.6" />
    <property name="java.runtime.version" value="11.0.6+8-LTS" />
    <property name="libs.eclipselink.maven-pom" value="" />
    <property name="libs.JAXB-ENDORSED.javadoc" value="" />
    <property name="debug.test.modulepath" value="" />
    <property name="ant.file.type.CustomTree" value="file" />
    <property name="file.encoding" value="Cp1252" />
    <property name="sun.java2d.noddraw" value="true" />
    <property name="java.util.logging.config.class" value="org.netbeans.core.startup.TopLogging" />
    <property name="sun.zip.disableMemoryMapping" value="true" />
    <property name="jnidispatch.path" value="C:\Users\heokc\AppData\Local\Temp\jna-99165162\jna12797185050511879511.dll" />
    <property name="https.nonProxyHosts" value="localhost|127.0.0.1|LAPTOP-4M3JISRM" />
    <property name="java.vendor.version" value="18.9" />
    <property name="libs.junit_5.javadoc" value="C:\Program Files\NetBeans-11.2\netbeans\platform\docs\junit-jupiter-api-5.3.1-javadoc.jar;C:\Program Files\NetBeans-11.2\netbeans\platform\docs\junit-jupiter-params-5.3.1-javadoc.jar;C:\Program Files\NetBeans-11.2\netbeans\platform\docs\junit-jupiter-engine-5.3.1-javadoc.jar" />
    <property name="dist.archive.excludes" value="" />
    <property name="libs.absolutelayout.classpath" value="" />
    <property name="java.io.tmpdir" value="C:\Users\heokc\AppData\Local\Temp\" />
    <property name="do.archive" value="true" />
    <property name="java.version" value="11.0.6" />
    <property name="java.vm.specification.name" value="Java Virtual Machine Specification" />
    <property name="java.awt.printerjob" value="sun.awt.windows.WPrinterJob" />
    <property name="built-jar.properties" value="C:\heok\School\Projects_for_resume\Projects\Java&amp;DataStructure\TreeAgain\build\built-jar.properties" />
    <property name="nb.native.filechooser" value="false" />
    <property name="libs.testng.src" value="" />
    <property name="libs.hamcrest.src" value="" />
    <property name="java.library.path" value="C:\Program Files\Java\jdk-11.0.6\bin;C:\windows\Sun\Java\bin;C:\windows\system32;C:\windows;C:\Program Files\Microsoft MPI\Bin\;C:\windows\system32;C:\windows;C:\windows\System32\Wbem;C:\windows\System32\WindowsPowerShell\v1.0\;C:\windows\System32\OpenSSH\;C:\Program Files (x86)\NVIDIA Corporation\PhysX\Common;C:\Program Files\NVIDIA Corporation\NVIDIA NvDLISR;C:\Program Files\Git\cmd;C:\Program Files (x86)\Microsoft SQL Server\140\Tools\Binn\;C:\Program Files\Microsoft SQL Server\140\Tools\Binn\;C:\Program Files (x86)\Microsoft SQL Server\140\DTS\Binn\;C:\Program Files\Microsoft SQL Server\140\DTS\Binn\;C:\Program Files\Microsoft SQL Server\Client SDK\ODBC\130\Tools\Binn\;C:\Program Files\MySQL\MySQL Shell 8.0\bin\;C:\Users\heokc\AppData\Local\Microsoft\WindowsApps;C:\Program Files\JetBrains\IntelliJ IDEA 2019.3.1\bin;;C:\Program Files\MySQL\MySQL Server 8.0\bin;C:\Program Files\Java\jdk-11.0.6\bin;;." />
    <property name="platform.active" value="default_platform" />
    <property name="java.vendor" value="Oracle Corporation" />
    <property name="manifest.file" value="manifest.mf" />
    <property name="libs.testng.javadoc" value="C:\Program Files\NetBeans-11.2\netbeans\platform\docs\testng-6.8.1-javadoc.zip" />
    <property name="meta.inf.dir" value="src/META-INF" />
    <property name="sun.io.unicode.encoding" value="UnicodeLittle" />
    <property name="run.upgrademodulepath" value="" />
    <property name="libs.testng.maven-pom" value="" />
    <property name="jlink.additionalparam" value="" />
    <property name="org.openide.version" value="deprecated" />
    <property name="default.javac.source" value="11" />
    <property name="sun.desktop" value="windows" />
    <property name="netbeans.dynamic.classpath" value="C:\Program Files\NetBeans-11.2\netbeans\platform\core\asm-all-5.0.1.jar;C:\Program Files\NetBeans-11.2\netbeans\platform\core\core-base.jar;C:\Program Files\NetBeans-11.2\netbeans\platform\core\core.jar;C:\Program Files\NetBeans-11.2\netbeans\platform\core\org-netbeans-libs-asm.jar;C:\Program Files\NetBeans-11.2\netbeans\platform\core\org-openide-filesystems-compat8.jar;C:\Program Files\NetBeans-11.2\netbeans\platform\core\org-openide-filesystems.jar;C:\Program Files\NetBeans-11.2\netbeans\nb\core\org-netbeans-upgrader.jar;C:\Program Files\NetBeans-11.2\netbeans\nb\core\locale\core_nb.jar" />
    <property name="run.classpath" value=":build/classes" />
    <property name="libs.jaxb.src" value="" />
    <property name="libs.eclipselinkmodelgen.classpath" value="C:\Program Files\NetBeans-11.2\netbeans\java\modules\ext\eclipselink\org.eclipse.persistence.jpa.modelgen.processor-2.5.2.jar" />
    <property name="javac.systemmodulepath.cmd.line.arg" value="" />
    <property name="sun.awt.enableExtraMouseButtons" value="true" />
    <property name="test.src.dir" value="test" />
    <property name="org.openide.major.version" value="IDE/1" />
    <property name="libs.spring-framework300.javadoc" value="" />
    <property name="netbeans.buildnumber" value="11.2-d04fb24027334c4b6fd8397b5d0cdd33187a8f54" />
    <property name="ap.proc.none.internal" value="" />
    <property name="org.openide.specification.version" value="6.2" />
    <property name="endorsed.classpath.cmd.line.arg" value="" />
    <property name="user.timezone" value="" />
    <property name="libs.jpa20-persistence.maven-pom" value="" />
    <property name="jar.index" value="false" />
    <property name="libs.jpa20-persistence.classpath" value="C:\Program Files\NetBeans-11.2\netbeans\java\modules\ext\eclipselink\javax.persistence-2.1.0.jar" />
    <property name="os.name" value="Windows 10" />
    <property name="java.vm.specification.version" value="11" />
    <property name="libs.CopyLibs.maven-pom" value="" />
    <property name="libs.eclipselinkmodelgen.javadoc" value="" />
    <property name="libs.junit_5.classpath" value="C:\Program Files\NetBeans-11.2\netbeans\platform\modules\ext\junit-jupiter-api-5.3.1.jar;C:\Program Files\NetBeans-11.2\netbeans\platform\modules\ext\junit-jupiter-params-5.3.1.jar;C:\Program Files\NetBeans-11.2\netbeans\platform\modules\ext\junit-jupiter-engine-5.3.1.jar" />
    <property name="build.sysclasspath" value="ignore" />
    <property name="javadoc.noindex" value="false" />
    <property name="jdkBug6558476" value="false" />
    <property name="javadoc.private" value="false" />
    <property name="http.nonProxyHosts" value="localhost|127.0.0.1|LAPTOP-4M3JISRM" />
    <property name="javadoc.author" value="false" />
    <property name="main.class" value="pkgcustomtree.CustomTreeMain" />
    <property name="libs.JAXB-ENDORSED.maven-pom" value="" />
    <property name="user.home" value="C:\Users\heokc" />
    <property name="source.encoding" value="UTF-8" />
    <property name="libs.eclipselinkmodelgen.maven-pom" value="" />
    <property name="ant.file.CustomTree" value="C:\heok\School\Projects_for_resume\Projects\Java&amp;DataStructure\TreeAgain\build.xml" />
    <property name="jar.compress" value="false" />
    <property name="have.sources" value="true" />
    <property name="annotation.processing.processors.list" value="" />
    <property name="javac.deprecation" value="false" />
    <property name="jlink.launcher" value="true" />
    <property name="java.awt.graphicsenv" value="sun.awt.Win32GraphicsEnvironment" />
    <property name="build.generated.sources.dir" value="build/generated-sources" />
    <property name="apple.awt.graphics.UseQuartz" value="true" />
    <property name="plugin.manager.check.updates" value="false" />
    <property name="run.jvmargs" value="" />
    <property name="netbeans.autoupdate.language" value="en" />
    <property name="build.compiler.emacs" value="true" />
    <property name="libs.eclipselinkmodelgen.src" value="" />
    <property name="build.classes.excludes" value="**/*.java,**/*.form" />
    <property name="dist.jar" value="dist/CustomTree.jar" />
    <property name="ant.file" value="C:\heok\School\Projects_for_resume\Projects\Java&amp;DataStructure\TreeAgain\build.xml" />
    <property name="modules.supported.internal" value="true" />
    <property name="path.separator" value=";" />
    <property name="libs.JAXB-ENDORSED.classpath" value="C:\Program Files\NetBeans-11.2\netbeans\ide\modules\ext\jaxb\api\jaxb-api.jar" />
    <property name="os.version" value="10.0" />
    <property name="netbeans.home" value="C:\Program Files\NetBeans-11.2\netbeans\platform" />
    <property name="libs.CopyLibs.javadoc" value="" />
    <property name="debug-transport-by-os" value="dt_shmem" />
    <property name="build.test.results.dir" value="build/test/results" />
    <property name="ant.file.CustomTree-impl" value="C:\heok\School\Projects_for_resume\Projects\Java&amp;DataStructure\TreeAgain\nbproject\build-impl.xml" />
    <property name="libs.jaxws21.javadoc" value="C:\Program Files\NetBeans-11.2\netbeans\java\docs\jaxws-api-doc.zip" />
    <property name="libs.spring-framework400.maven-pom" value="" />
    <property name="ap.processors.internal" value="" />
    <property name="java.vm.name" value="Java HotSpot(TM) 64-Bit Server VM" />
    <property name="unnamed.module.internal" value="true" />
    <property name="module.name" value="" />
    <property name="libs.jaxws21.classpath" value="C:\Program Files\NetBeans-11.2\netbeans\java\modules\ext\jaxws22\FastInfoset.jar;C:\Program Files\NetBeans-11.2\netbeans\java\modules\ext\jaxws22\gmbal-api-only.jar;C:\Program Files\NetBeans-11.2\netbeans\java\modules\ext\jaxws22\ha-api.jar;C:\Program Files\NetBeans-11.2\netbeans\java\modules\ext\jaxws22\javax.mail_1.4.jar;C:\Program Files\NetBeans-11.2\netbeans\java\modules\ext\jaxws22\jaxws-rt.jar;C:\Program Files\NetBeans-11.2\netbeans\java\modules\ext\jaxws22\jaxws-tools.jar;C:\Program Files\NetBeans-11.2\netbeans\java\modules\ext\jaxws22\management-api.jar;C:\Program Files\NetBeans-11.2\netbeans\java\modules\ext\jaxws22\mimepull.jar;C:\Program Files\NetBeans-11.2\netbeans\java\modules\ext\jaxws22\policy.jar;C:\Program Files\NetBeans-11.2\netbeans\java\modules\ext\jaxws22\saaj-impl.jar;C:\Program Files\NetBeans-11.2\netbeans\java\modules\ext\jaxws22\stax-ex.jar;C:\Program Files\NetBeans-11.2\netbeans\java\modules\ext\jaxws22\stax2-api.jar;C:\Program Files\NetBeans-11.2\netbeans\java\modules\ext\jaxws22\streambuffer.jar;C:\Program Files\NetBeans-11.2\netbeans\java\modules\ext\jaxws22\woodstox-core-asl.jar;C:\Program Files\NetBeans-11.2\netbeans\java\modules\ext\jaxws22\api\jaxws-api.jar;C:\Program Files\NetBeans-11.2\netbeans\java\modules\ext\jaxws22\api\jsr181-api.jar;C:\Program Files\NetBeans-11.2\netbeans\java\modules\ext\jaxws22\api\javax.annotation.jar;C:\Program Files\NetBeans-11.2\netbeans\java\modules\ext\jaxws22\api\saaj-api.jar;C:\Program Files\NetBeans-11.2\netbeans\ide\modules\ext\jaxb\activation.jar;C:\Program Files\NetBeans-11.2\netbeans\ide\modules\ext\jaxb\api\jaxb-api.jar" />
    <property name="os.arch" value="amd64" />
    <property name="build.generated.dir" value="build/generated" />
    <property name="libs.hamcrest.javadoc" value="" />
    <property name="libs.spring-framework400.javadoc" value="" />
    <property name="libs.javac-api.src" value="" />
    <property name="java.vm.info" value="mixed mode" />
    <property name="libs.jaxws21.maven-pom" value="" />
    <property name="run.test.classpath" value=":build/classes:C:\Program Files\NetBeans-11.2\netbeans\platform\modules\ext\hamcrest-core-1.3.jar:C:\Program Files\NetBeans-11.2\netbeans\platform\modules\ext\junit-4.12.jar:build/test/classes" />
    <property name="dist.jlink.output" value="dist/jlink/CustomTree" />
    <property name="java.class.version" value="55.0" />
    <property name="javadoc.encoding.used" value="UTF-8" />
    <property name="src.dir" value="src" />
    <property name="org.netbeans.io.suspend" value="0" />
    <property name="ant.project.default-target" value="default" />
    <property name="debug.classpath" value=":build/classes" />
    <property name="awt.toolkit" value="sun.awt.windows.WToolkit" />
    <property name="excludes" value="" />
    <property name="ant.project.name" value="CustomTree" />
    <property name="dist.javadoc.dir" value="dist/javadoc" />
    <property name="libs.junit_4.javadoc" value="C:\Program Files\NetBeans-11.2\netbeans\platform\docs\junit-4.12-javadoc.jar" />
    <property name="sun.jnu.encoding" value="Cp1252" />
    <property name="run.test.jvmargs" value="" />
    <property name="default.javac.target" value="11" />
    <property name="javac.fork" value="true" />
    <property name="sun.java2d.dpiaware" value="true" />
    <property name="libs.eclipselink.classpath" value="C:\Program Files\NetBeans-11.2\netbeans\java\modules\ext\eclipselink\org.eclipse.persistence.core-2.5.2.jar;C:\Program Files\NetBeans-11.2\netbeans\java\modules\ext\eclipselink\org.eclipse.persistence.asm-2.5.2.jar;C:\Program Files\NetBeans-11.2\netbeans\java\modules\ext\eclipselink\org.eclipse.persistence.antlr-2.5.2.jar;C:\Program Files\NetBeans-11.2\netbeans\java\modules\ext\eclipselink\org.eclipse.persistence.jpa-2.5.2.jar;C:\Program Files\NetBeans-11.2\netbeans\java\modules\ext\eclipselink\org.eclipse.persistence.jpa.jpql-2.5.2.jar;C:\Program Files\NetBeans-11.2\netbeans\java\modules\ext\eclipselink\javax.persistence-2.1.0.jar" />
    <property name="main.class.available" value="true" />
    <property name="libs.javac-api.classpath" value="" />
    <property name="netbeans.importclass" value="org.netbeans.upgrade.AutoUpgrade" />
    <property name="libs.PostgreSQLDriver.maven-pom" value="" />
    <property name="libs.absolutelayout.src" value="" />
    <property name="netbeans.autoupdate.version" value="1.23" />
    <property name="empty.dir" value="C:\heok\School\Projects_for_resume\Projects\Java&amp;DataStructure\TreeAgain\build\empty" />
    <property name="testng.mode" value="testng" />
    <property name="annotation.processing.enabled.in.editor" value="false" />
    <property name="netbeans.user" value="C:\Users\heokc\AppData\Roaming\NetBeans\11.2" />
    <property name="file.separator" value="\" />
    <property name="java.vm.compressedOopsMode" value="Zero based" />
    <property name="line.separator" value="&#xd;&#xa;" />
    <property name="javadoc.additionalparam" value="" />
    <property name="jdk.lang.Process.allowAmbiguousCommands" value="true" />
    <property name="netbeans.productversion" value="Apache NetBeans IDE 11.2" />
    <property name="javac.debug" value="true" />
    <property name="libs.testng.classpath" value="C:\Program Files\NetBeans-11.2\netbeans\platform\modules\ext\testng-6.8.1-dist.jar" />
    <property name="mkdist.disabled" value="false" />
    <property name="user.name" value="heokc" />
    <property name="build.classes.dir" value="build/classes" />
    <property name="javadoc.windowtitle" value="" />
    <property name="nb.junit.single" value="false" />
    <property name="nb.internal.action.name" value="test" />
    <property name="libs.absolutelayout.javadoc" value="" />
    <property name="libs.jaxws21.src" value="" />
    <property name="module.build.classes.dir" value="build/classes" />
    <property name="libs.jaxb.maven-pom" value="" />
    <property name="annotation.processing.processor.options" value="" />
    <property name="dist.dir" value="dist" />
    <property name="build.dir" value="build" />
    <property name="jna.loaded" value="true" />
    <property name="netbeans.autoupdate.variant" value="" />
    <property name="libs.junit_5.maven-pom" value="" />
    <property name="libs.jpa20-persistence.javadoc" value="" />
    <property name="javadoc.version" value="false" />
    <property name="ant.junit.enabletestlistenerevents" value="true" />
    <property name="ant.file.type.CustomTree-impl" value="file" />
    <property name="libs.JWSAntTasks.src" value="" />
    <property name="libs.CopyLibs.classpath" value="C:\Program Files\NetBeans-11.2\netbeans\java\ant\extra\org-netbeans-modules-java-j2seproject-copylibstask.jar" />
    <property name="ant.home" value="C:\Program Files\NetBeans-11.2\netbeans\extide\ant" />
    <property name="sun.os.patch.level" value="" />
    <property name="debug.test.classpath" value=":build/classes:C:\Program Files\NetBeans-11.2\netbeans\platform\modules\ext\hamcrest-core-1.3.jar:C:\Program Files\NetBeans-11.2\netbeans\platform\modules\ext\junit-4.12.jar:build/test/classes" />
    <property name="have.tests" value="true" />
    <property name="javac.external.vm" value="true" />
    <property name="testng.debug.mode" value="" />
    <property name="javac.target" value="11" />
    <property name="ant.version" value="Apache Ant(TM) version 1.10.4 compiled on June 19 2018" />
    <property name="libs.absolutelayout.maven-pom" value="" />
    <property name="javadoc.html5" value="false" />
    <property name="javac.test.processorpath" value=":build/classes:C:\Program Files\NetBeans-11.2\netbeans\platform\modules\ext\hamcrest-core-1.3.jar:C:\Program Files\NetBeans-11.2\netbeans\platform\modules\ext\junit-4.12.jar" />
    <property name="jdk.gtk.version" value="2.2" />
    <property name="java.failonerror" value="true" />
    <property name="netbeans.dirs" value="C:\Program Files\NetBeans-11.2\netbeans\nb;C:\Program Files\NetBeans-11.2\netbeans\ergonomics;C:\Program Files\NetBeans-11.2\netbeans\ide;C:\Program Files\NetBeans-11.2\netbeans\extide;C:\Program Files\NetBeans-11.2\netbeans\java;C:\Program Files\NetBeans-11.2\netbeans\apisupport;C:\Program Files\NetBeans-11.2\netbeans\webcommon;C:\Program Files\NetBeans-11.2\netbeans\websvccommon;C:\Program Files\NetBeans-11.2\netbeans\enterprise;C:\Program Files\NetBeans-11.2\netbeans\mobility;C:\Program Files\NetBeans-11.2\netbeans\profiler;C:\Program Files\NetBeans-11.2\netbeans\python;C:\Program Files\NetBeans-11.2\netbeans\php;C:\Program Files\NetBeans-11.2\netbeans\identity;C:\Program Files\NetBeans-11.2\netbeans\harness;C:\Program Files\NetBeans-11.2\netbeans\cnd;C:\Program Files\NetBeans-11.2\netbeans\cndext;C:\Program Files\NetBeans-11.2\netbeans\dlight;C:\Program Files\NetBeans-11.2\netbeans\groovy;C:\Program Files\NetBeans-11.2\netbeans\extra;C:\Program Files\NetBeans-11.2\netbeans\javacard;C:\Program Files\NetBeans-11.2\netbeans\javafx" />
    <property name="javac.modulepath" value="" />
    <property name="user.properties.file" value="C:\Users\heokc\AppData\Roaming\NetBeans\11.2\build.properties" />
    <property name="libs.hamcrest.maven-pom" value="" />
    <property name="netbeans.autoupdate.country" value="US" />
    <property name="javac.processorpath" value="" />
    <property name="java.class.path" value="C:\heok\School\Projects_for_resume\Projects\Java&amp;DataStructure\TreeAgain\build\classes;C:\Program Files\NetBeans-11.2\netbeans\platform\modules\ext\hamcrest-core-1.3.jar;C:\Program Files\NetBeans-11.2\netbeans\platform\modules\ext\junit-4.12.jar;C:\heok\School\Projects_for_resume\Projects\Java&amp;DataStructure\TreeAgain\build\test\classes;C:\Program Files\NetBeans-11.2\netbeans\extide\ant\lib\ant-launcher.jar;C:\Program Files\NetBeans-11.2\netbeans\extide\ant\lib\ant.jar;C:\Program Files\NetBeans-11.2\netbeans\extide\ant\lib\ant-junit.jar;C:\Program Files\NetBeans-11.2\netbeans\extide\ant\lib\ant-junit4.jar" />
    <property name="libs.JWSAntTasks.maven-pom" value="" />
    <property name="java.vm.vendor" value="Oracle Corporation" />
    <property name="ap.supported.internal" value="true" />
    <property name="user.variant" value="" />
    <property name="netbeans.home+have.tests" value="true" />
    <property name="javac.upgrademodulepath" value="" />
    <property name="run.modulepath" value="" />
    <property name="test.binaryexcludes" value="" />
    <property name="do.archive+manifest.available" value="true" />
    <property name="javac.compilerargs" value="" />
    <property name="apple.laf.useScreenMenuBar" value="true" />
    <property name="user.country" value="US" />
    <property name="sun.java.launcher" value="SUN_STANDARD" />
    <property name="libs.jpa20-persistence.src" value="" />
    <property name="javac.test.sourcepath" value="C:\heok\School\Projects_for_resume\Projects\Java&amp;DataStructure\TreeAgain\build\empty" />
    <property name="sun.cpu.endian" value="little" />
    <property name="libs.junit_4.src" value="C:\Program Files\NetBeans-11.2\netbeans\platform\docs\junit-4.12-sources.jar" />
    <property name="user.language" value="en" />
    <property name="copylibs.rebase" value="true" />
    <property name="includes" value="**" />
    <property name="javadoc.nonavbar" value="false" />
    <property name="ant.java.version" value="11" />
    <property name="libs.junit_4.classpath" value="C:\Program Files\NetBeans-11.2\netbeans\platform\modules\ext\junit-4.12.jar" />
    <property name="libs.hamcrest.classpath" value="C:\Program Files\NetBeans-11.2\netbeans\platform\modules\ext\hamcrest-core-1.3.jar" />
    <property name="jlink.launcher.name" value="CustomTree" />
    <property name="javadoc.splitindex" value="true" />
    <property name="libs.JWSAntTasks.classpath" value="C:\Program Files\NetBeans-11.2\netbeans\java\ant\extra\org-netbeans-modules-javawebstart-anttasks.jar" />
    <property name="test.binarytestincludes" value="" />
    <property name="junit.available" value="true" />
    <property name="sun.awt.keepWorkingSetOnMinimize" value="true" />
    <property name="libs.junit_4.maven-pom" value="" />
    <property name="javac.processormodulepath" value="" />
    <property name="runtime.encoding" value="UTF-8" />
    <property name="jlink.additionalmodules" value="" />
    <property name="javadoc.encoding" value="UTF-8" />
    <property name="javac.classpath" value="" />
    <property name="dist.jlink.dir" value="dist/jlink" />
    <property name="netbeans.hash.code" value="unique=NB_EXTIDE_JAVA_WEBCOMMON0762b696d-2a48-4b53-a757-6756227863ac_196b4a7e-3c4a-48f6-a9aa-e4a32aed8930" />
    <property name="nb.junit.batch" value="true" />
    <property name="build.test.classes.dir" value="build/test/classes" />
    <property name="java.runtime.name" value="Java(TM) SE Runtime Environment" />
    <property name="manifest.available" value="true" />
    <property name="libs.jaxb.javadoc" value="C:\Program Files\NetBeans-11.2\netbeans\ide\docs\jaxb-api-2.2.5-javadoc.jar" />
    <property name="libs.spring-framework300.maven-pom" value="" />
    <property name="ant.project.invoked-targets" value="test" />
    <property name="run.jvmargs.ide" value="" />
    <property name="ap.cmd.line.internal" value="" />
    <property name="libs.PostgreSQLDriver.src" value="" />
    <property name="ant.core.lib" value="C:\Program Files\NetBeans-11.2\netbeans\extide\ant\lib\ant.jar" />
    <property name="java.vendor.url.bug" value="http://bugreport.java.com/bugreport/" />
    <property name="annotation.processing.source.output" value="build/generated-sources/ap-source-output" />
    <property name="javac.profile.cmd.line.arg" value="" />
    <property name="user.dir" value="C:\heok\School\Projects_for_resume\Projects\Java&amp;DataStructure\TreeAgain" />
    <property name="platform.java" value="C:\Program Files\Java\jdk-11.0.6/bin/java" />
    <property name="application.args" value="" />
    <property name="do.archive+main.class.available" value="true" />
    <property name="org.xml.sax.driver" value="com.sun.org.apache.xerces.internal.jaxp.SAXParserImpl$JAXPSAXParser" />
    <property name="ignore.failing.tests" value="true" />
    <property name="javac.test.modulepath" value="" />
    <property name="libs.PostgreSQLDriver.javadoc" value="" />
    <property name="libs.eclipselink.src" value="" />
    <property name="java.vm.version" value="11.0.6+8-LTS" />
    <property name="sun.awt.datatransfer.timeout" value="1000" />
    <property name="annotation.processing.run.all.processors" value="true" />
    <property name="junit.forkmode" value="perTest" />
  </properties>
  <testcase classname="pkgcustomtree.CustomTreeTest" name="removeNodeByKey" time="0.015" />
  <testcase classname="pkgcustomtree.CustomTreeTest" name="isKeyInTree" time="0.0" />
  <testcase classname="pkgcustomtree.CustomTreeTest" name="isTreeIterable" time="0.0" />
  <testcase classname="pkgcustomtree.CustomTreeTest" name="getAllKeysInOrder" time="0.0" />
  <testcase classname="pkgcustomtree.CustomTreeTest" name="putNodeIntoTreeAgain" time="0.0" />
  <testcase classname="pkgcustomtree.CustomTreeTest" name="getAllValuesInOrderByKey" time="0.0" />
  <testcase classname="pkgcustomtree.CustomTreeTest" name="isDuplicateValueExceptionThrownWithNode" time="0.0" />
  <testcase classname="pkgcustomtree.CustomTreeTest" name="setObserverToCheckTheTreeModifying" time="0.016" />
  <testcase classname="pkgcustomtree.CustomTreeTest" name="isValueInTree" time="0.0" />
  <system-out><![CDATA[New performed. Key: Jerry, Value: 1 from Ramda
New performed. Key: Jerry, Value: 1 from Normal
New performed. Key: Berry, Value: 2 from Ramda
New performed. Key: Berry, Value: 2 from Normal
New performed. Key: Terry, Value: 3 from Ramda
New performed. Key: Terry, Value: 3 from Normal
New performed. Key: Gerry, Value: 4 from Ramda
New performed. Key: Gerry, Value: 4 from Normal
New performed. Key: Aerry, Value: 5 from Ramda
New performed. Key: Aerry, Value: 5 from Normal
Deleted performed. Key: Berry, Value: 2 from Ramda
Deleted performed. Key: Berry, Value: 2 from Normal
Deleted performed. Key: Jerry, Value: 1 from Ramda
Deleted performed. Key: Jerry, Value: 1 from Normal
Deleted performed. Key: Aerry, Value: 5 from Ramda
Deleted performed. Key: Aerry, Value: 5 from Normal
]]></system-out>
  <system-err><![CDATA[]]></system-err>
</testsuite>
